ERROR 2012-11-16 13:29:37,091 views 4187 -1221600512 data_set_empty
ERROR 2012-11-16 13:29:37,091 views 4187 -1221600512 invalid_interpolation
INFO 2012-11-16 13:29:37,954 views 4187 -1221600512 electric_data_invalid - 1298
ERROR 2012-11-16 13:29:38,156 views 4187 -1221600512 data_set_empty
ERROR 2012-11-16 13:29:38,156 views 4187 -1221600512 invalid_interpolation
INFO 2012-11-16 13:29:38,899 views 4187 -1221600512 electric_data_invalid - 1299
ERROR 2012-11-16 13:29:39,145 views 4187 -1221600512 data_set_empty
ERROR 2012-11-16 13:29:39,146 views 4187 -1221600512 invalid_interpolation
INFO 2012-11-16 13:29:39,906 views 4187 -1221600512 electric_data_invalid - 1300
ERROR 2012-11-16 13:29:40,125 views 4187 -1221600512 data_set_empty
ERROR 2012-11-16 13:29:40,126 views 4187 -1221600512 invalid_interpolation
INFO 2012-11-16 13:29:40,856 views 4187 -1221600512 electric_data_invalid - 1301
ERROR 2012-11-16 13:29:41,113 views 4187 -1221600512 data_set_empty
ERROR 2012-11-16 13:29:41,114 views 4187 -1221600512 invalid_interpolation
INFO 2012-11-16 13:29:41,841 views 4187 -1221600512 electric_data_invalid - 1302
ERROR 2012-11-16 13:29:42,039 views 4187 -1221600512 data_set_empty
ERROR 2012-11-16 13:29:42,039 views 4187 -1221600512 invalid_interpolation
INFO 2012-11-16 13:29:42,779 views 4187 -1221600512 electric_data_invalid - 1303
ERROR 2012-11-16 13:29:42,988 views 4187 -1221600512 data_set_empty
ERROR 2012-11-16 13:29:42,989 views 4187 -1221600512 invalid_interpolation
INFO 2012-11-16 13:29:43,740 views 4187 -1221600512 electric_data_invalid - 1304
ERROR 2012-11-16 13:29:43,956 views 4187 -1221600512 data_set_empty
ERROR 2012-11-16 13:29:43,956 views 4187 -1221600512 invalid_interpolation
INFO 2012-11-16 13:29:44,672 views 4187 -1221600512 electric_data_invalid - 1305
ERROR 2012-11-16 13:29:44,892 views 4187 -1221600512 data_set_empty
ERROR 2012-11-16 13:29:44,893 views 4187 -1221600512 invalid_interpolation
INFO 2012-11-16 13:29:45,570 views 4187 -1221600512 electric_data_invalid - 1306
ERROR 2012-11-16 13:29:45,779 views 4187 -1221600512 data_set_empty
ERROR 2012-11-16 13:29:45,780 views 4187 -1221600512 invalid_interpolation
INFO 2012-11-16 13:29:46,537 views 4187 -1221600512 electric_data_invalid - 1307
ERROR 2012-11-16 13:29:46,734 views 4187 -1221600512 data_set_empty
ERROR 2012-11-16 13:29:46,735 views 4187 -1221600512 invalid_interpolation
INFO 2012-11-16 13:29:47,532 views 4187 -1221600512 electric_data_invalid - 1308
ERROR 2012-11-16 13:29:47,738 views 4187 -1221600512 data_set_empty
ERROR 2012-11-16 13:29:47,739 views 4187 -1221600512 invalid_interpolation
INFO 2012-11-16 13:29:48,455 views 4187 -1221600512 electric_data_invalid - 1309
ERROR 2012-11-16 13:29:48,684 views 4187 -1221600512 data_set_empty
ERROR 2012-11-16 13:29:48,685 views 4187 -1221600512 invalid_interpolation
INFO 2012-11-16 13:29:49,480 views 4187 -1221600512 electric_data_invalid - 1310
ERROR 2012-11-16 13:29:49,702 views 4187 -1221600512 data_set_empty
ERROR 2012-11-16 13:29:49,703 views 4187 -1221600512 invalid_interpolation
INFO 2012-11-16 13:29:50,476 views 4187 -1221600512 electric_data_invalid - 1311
ERROR 2012-11-16 13:29:50,694 views 4187 -1221600512 data_set_empty
ERROR 2012-11-16 13:29:50,695 views 4187 -1221600512 invalid_interpolation
INFO 2012-11-16 13:29:51,465 views 4187 -1221600512 electric_data_invalid - 1312
ERROR 2012-11-16 13:29:51,688 views 4187 -1221600512 data_set_empty
ERROR 2012-11-16 13:29:51,689 views 4187 -1221600512 invalid_interpolation
INFO 2012-11-16 13:29:52,765 views 4187 -1221600512 electric_data_invalid - 1313
ERROR 2012-11-16 13:29:52,997 views 4187 -1221600512 data_set_empty
ERROR 2012-11-16 13:29:52,998 views 4187 -1221600512 invalid_interpolation
INFO 2012-11-16 13:29:53,813 views 4187 -1221600512 electric_data_invalid - 1314
ERROR 2012-11-16 13:29:54,015 views 4187 -1221600512 data_set_empty
ERROR 2012-11-16 13:29:54,016 views 4187 -1221600512 invalid_interpolation
INFO 2012-11-16 13:29:54,793 views 4187 -1221600512 electric_data_invalid - 1315
ERROR 2012-11-16 13:29:55,017 views 4187 -1221600512 data_set_empty
ERROR 2012-11-16 13:29:55,018 views 4187 -1221600512 invalid_interpolation
INFO 2012-11-16 13:29:55,847 views 4187 -1221600512 electric_data_invalid - 1316
ERROR 2012-11-16 13:29:56,080 views 4187 -1221600512 data_set_empty
ERROR 2012-11-16 13:29:56,080 views 4187 -1221600512 invalid_interpolation
INFO 2012-11-16 13:29:56,841 views 4187 -1221600512 electric_data_invalid - 1317
ERROR 2012-11-16 13:29:57,053 views 4187 -1221600512 data_set_empty
ERROR 2012-11-16 13:29:57,054 views 4187 -1221600512 invalid_interpolation
INFO 2012-11-16 13:29:57,782 views 4187 -1221600512 electric_data_invalid - 1318
ERROR 2012-11-16 13:29:57,989 views 4187 -1221600512 data_set_empty
ERROR 2012-11-16 13:29:57,989 views 4187 -1221600512 invalid_interpolation
INFO 2012-11-16 13:29:58,828 views 4187 -1221600512 electric_data_invalid - 1319
ERROR 2012-11-16 13:29:59,049 views 4187 -1221600512 data_set_empty
ERROR 2012-11-16 13:29:59,049 views 4187 -1221600512 invalid_interpolation
INFO 2012-11-16 13:29:59,803 views 4187 -1221600512 electric_data_invalid - 1320
ERROR 2012-11-16 13:30:00,002 views 4187 -1221600512 data_set_empty
ERROR 2012-11-16 13:30:00,002 views 4187 -1221600512 invalid_interpolation
INFO 2012-11-16 13:30:00,804 views 4187 -1221600512 electric_data_invalid - 1321
ERROR 2012-11-16 13:30:01,036 views 4187 -1221600512 data_set_empty
ERROR 2012-11-16 13:30:01,037 views 4187 -1221600512 invalid_interpolation
INFO 2012-11-16 13:30:01,787 views 4187 -1221600512 electric_data_invalid - 1322
ERROR 2012-11-16 13:30:01,987 views 4187 -1221600512 data_set_empty
ERROR 2012-11-16 13:30:01,987 views 4187 -1221600512 invalid_interpolation
INFO 2012-11-16 13:30:02,704 views 4187 -1221600512 electric_data_invalid - 1323
ERROR 2012-11-16 13:30:02,932 views 4187 -1221600512 data_set_empty
ERROR 2012-11-16 13:30:02,932 views 4187 -1221600512 invalid_interpolation
INFO 2012-11-16 13:30:03,772 views 4187 -1221600512 electric_data_invalid - 1324
ERROR 2012-11-16 13:30:04,033 views 4187 -1221600512 data_set_empty
ERROR 2012-11-16 13:30:04,034 views 4187 -1221600512 invalid_interpolation
INFO 2012-11-16 13:30:04,863 views 4187 -1221600512 electric_data_invalid - 1325
ERROR 2012-11-16 13:30:05,094 views 4187 -1221600512 data_set_empty
ERROR 2012-11-16 13:30:05,094 views 4187 -1221600512 invalid_interpolation
INFO 2012-11-16 13:30:06,329 views 4187 -1221600512 electric_data_invalid - 1326
ERROR 2012-11-16 13:30:06,529 views 4187 -1221600512 data_set_empty
ERROR 2012-11-16 13:30:06,530 views 4187 -1221600512 invalid_interpolation
INFO 2012-11-16 13:30:07,490 views 4187 -1221600512 electric_data_invalid - 1327
ERROR 2012-11-16 13:30:07,689 views 4187 -1221600512 data_set_empty
ERROR 2012-11-16 13:30:07,690 views 4187 -1221600512 invalid_interpolation
INFO 2012-11-16 13:30:08,452 views 4187 -1221600512 electric_data_invalid - 1328
ERROR 2012-11-16 13:30:08,714 views 4187 -1221600512 data_set_empty
ERROR 2012-11-16 13:30:08,715 views 4187 -1221600512 invalid_interpolation
INFO 2012-11-16 13:30:09,483 views 4187 -1221600512 electric_data_invalid - 1329
ERROR 2012-11-16 13:30:09,701 views 4187 -1221600512 data_set_empty
ERROR 2012-11-16 13:30:09,701 views 4187 -1221600512 invalid_interpolation
INFO 2012-11-16 13:30:10,487 views 4187 -1221600512 electric_data_invalid - 1330
ERROR 2012-11-16 13:30:10,693 views 4187 -1221600512 data_set_empty
ERROR 2012-11-16 13:30:10,693 views 4187 -1221600512 invalid_interpolation
INFO 2012-11-16 13:30:11,558 views 4187 -1221600512 electric_data_invalid - 1331
ERROR 2012-11-16 13:30:11,792 views 4187 -1221600512 data_set_empty
ERROR 2012-11-16 13:30:11,793 views 4187 -1221600512 invalid_interpolation
INFO 2012-11-16 13:30:12,528 views 4187 -1221600512 electric_data_invalid - 1332
ERROR 2012-11-16 13:30:12,770 views 4187 -1221600512 data_set_empty
ERROR 2012-11-16 13:30:12,770 views 4187 -1221600512 invalid_interpolation
INFO 2012-11-16 13:30:13,518 views 4187 -1221600512 electric_data_invalid - 1333
ERROR 2012-11-16 13:30:13,760 views 4187 -1221600512 data_set_empty
ERROR 2012-11-16 13:30:13,760 views 4187 -1221600512 invalid_interpolation
INFO 2012-11-16 13:30:14,502 views 4187 -1221600512 electric_data_invalid - 1334
ERROR 2012-11-16 13:30:14,717 views 4187 -1221600512 data_set_empty
ERROR 2012-11-16 13:30:14,717 views 4187 -1221600512 invalid_interpolation
INFO 2012-11-16 13:30:15,446 views 4187 -1221600512 electric_data_invalid - 1335
ERROR 2012-11-16 13:30:15,717 views 4187 -1221600512 data_set_empty
ERROR 2012-11-16 13:30:15,717 views 4187 -1221600512 invalid_interpolation
INFO 2012-11-16 13:30:16,497 views 4187 -1221600512 electric_data_invalid - 1336
ERROR 2012-11-16 13:30:16,712 views 4187 -1221600512 data_set_empty
ERROR 2012-11-16 13:30:16,713 views 4187 -1221600512 invalid_interpolation
INFO 2012-11-16 13:30:17,550 views 4187 -1221600512 electric_data_invalid - 1337
ERROR 2012-11-16 13:30:17,767 views 4187 -1221600512 data_set_empty
ERROR 2012-11-16 13:30:17,767 views 4187 -1221600512 invalid_interpolation
INFO 2012-11-16 13:30:18,539 views 4187 -1221600512 electric_data_invalid - 1338
ERROR 2012-11-16 13:30:18,757 views 4187 -1221600512 data_set_empty
ERROR 2012-11-16 13:30:18,758 views 4187 -1221600512 invalid_interpolation
INFO 2012-11-16 13:30:19,560 views 4187 -1221600512 electric_data_invalid - 1339
ERROR 2012-11-16 13:30:19,796 views 4187 -1221600512 data_set_empty
ERROR 2012-11-16 13:30:19,797 views 4187 -1221600512 invalid_interpolation
INFO 2012-11-16 13:30:20,548 views 4187 -1221600512 electric_data_invalid - 1340
ERROR 2012-11-16 13:30:20,775 views 4187 -1221600512 data_set_empty
ERROR 2012-11-16 13:30:20,775 views 4187 -1221600512 invalid_interpolation
INFO 2012-11-16 13:30:21,569 views 4187 -1221600512 electric_data_invalid - 1341
ERROR 2012-11-16 13:30:21,777 views 4187 -1221600512 data_set_empty
ERROR 2012-11-16 13:30:21,778 views 4187 -1221600512 invalid_interpolation
INFO 2012-11-16 13:30:22,595 views 4187 -1221600512 electric_data_invalid - 1342
ERROR 2012-11-16 13:30:22,801 views 4187 -1221600512 data_set_empty
ERROR 2012-11-16 13:30:22,802 views 4187 -1221600512 invalid_interpolation
INFO 2012-11-16 13:30:23,655 views 4187 -1221600512 electric_data_invalid - 1343
ERROR 2012-11-16 13:30:23,858 views 4187 -1221600512 data_set_empty
ERROR 2012-11-16 13:30:23,859 views 4187 -1221600512 invalid_interpolation
INFO 2012-11-16 13:30:24,666 views 4187 -1221600512 electric_data_invalid - 1344
ERROR 2012-11-16 13:30:24,868 views 4187 -1221600512 data_set_empty
ERROR 2012-11-16 13:30:24,868 views 4187 -1221600512 invalid_interpolation
INFO 2012-11-16 13:30:25,637 views 4187 -1221600512 electric_data_invalid - 1345
ERROR 2012-11-16 13:30:25,898 views 4187 -1221600512 data_set_empty
ERROR 2012-11-16 13:30:25,899 views 4187 -1221600512 invalid_interpolation
INFO 2012-11-16 13:30:26,752 views 4187 -1221600512 electric_data_invalid - 1346
ERROR 2012-11-16 13:30:26,957 views 4187 -1221600512 data_set_empty
ERROR 2012-11-16 13:30:26,958 views 4187 -1221600512 invalid_interpolation
INFO 2012-11-16 13:30:27,988 views 4187 -1221600512 electric_data_invalid - 1347
ERROR 2012-11-16 13:30:28,220 views 4187 -1221600512 data_set_empty
ERROR 2012-11-16 13:30:28,221 views 4187 -1221600512 invalid_interpolation
INFO 2012-11-16 13:30:29,909 views 4187 -1221600512 electric_data_invalid - 1348
ERROR 2012-11-16 13:30:30,226 views 4187 -1221600512 data_set_empty
ERROR 2012-11-16 13:30:30,227 views 4187 -1221600512 invalid_interpolation
INFO 2012-11-16 13:30:32,407 views 4187 -1221600512 electric_data_invalid - 1349
ERROR 2012-11-16 13:30:33,023 views 4187 -1221600512 data_set_empty
ERROR 2012-11-16 13:30:33,023 views 4187 -1221600512 invalid_interpolation
INFO 2012-11-16 13:30:33,967 views 4187 -1221600512 electric_data_invalid - 1350
ERROR 2012-11-16 13:30:34,229 views 4187 -1221600512 data_set_empty
ERROR 2012-11-16 13:30:34,230 views 4187 -1221600512 invalid_interpolation
INFO 2012-11-16 13:30:35,317 views 4187 -1221600512 electric_data_invalid - 1351
ERROR 2012-11-16 13:30:35,544 views 4187 -1221600512 data_set_empty
ERROR 2012-11-16 13:30:35,545 views 4187 -1221600512 invalid_interpolation
INFO 2012-11-16 13:30:36,700 views 4187 -1221600512 electric_data_invalid - 1352
ERROR 2012-11-16 13:30:36,920 views 4187 -1221600512 data_set_empty
ERROR 2012-11-16 13:30:36,922 views 4187 -1221600512 invalid_interpolation
INFO 2012-11-16 13:30:37,816 views 4187 -1221600512 electric_data_invalid - 1353
ERROR 2012-11-16 13:30:38,019 views 4187 -1221600512 data_set_empty
ERROR 2012-11-16 13:30:38,020 views 4187 -1221600512 invalid_interpolation
INFO 2012-11-16 13:30:38,877 views 4187 -1221600512 electric_data_invalid - 1354
ERROR 2012-11-16 13:30:39,083 views 4187 -1221600512 data_set_empty
ERROR 2012-11-16 13:30:39,084 views 4187 -1221600512 invalid_interpolation
INFO 2012-11-16 13:30:39,901 views 4187 -1221600512 electric_data_invalid - 1355
ERROR 2012-11-16 13:30:40,104 views 4187 -1221600512 data_set_empty
ERROR 2012-11-16 13:30:40,104 views 4187 -1221600512 invalid_interpolation
INFO 2012-11-16 13:30:40,926 views 4187 -1221600512 electric_data_invalid - 1356
ERROR 2012-11-16 13:30:41,127 views 4187 -1221600512 data_set_empty
ERROR 2012-11-16 13:30:41,128 views 4187 -1221600512 invalid_interpolation
INFO 2012-11-16 13:30:41,909 views 4187 -1221600512 electric_data_invalid - 1357
ERROR 2012-11-16 13:30:42,114 views 4187 -1221600512 data_set_empty
ERROR 2012-11-16 13:30:42,114 views 4187 -1221600512 invalid_interpolation
INFO 2012-11-16 13:30:43,002 views 4187 -1221600512 electric_data_invalid - 1358
ERROR 2012-11-16 13:30:43,224 views 4187 -1221600512 data_set_empty
ERROR 2012-11-16 13:30:43,224 views 4187 -1221600512 invalid_interpolation
INFO 2012-11-16 13:30:43,996 views 4187 -1221600512 electric_data_invalid - 1359
ERROR 2012-11-16 13:30:44,221 views 4187 -1221600512 data_set_empty
ERROR 2012-11-16 13:30:44,221 views 4187 -1221600512 invalid_interpolation
INFO 2012-11-16 13:30:44,995 views 4187 -1221600512 electric_data_invalid - 1360
ERROR 2012-11-16 13:30:45,205 views 4187 -1221600512 data_set_empty
ERROR 2012-11-16 13:30:45,205 views 4187 -1221600512 invalid_interpolation
INFO 2012-11-16 13:30:46,383 views 4187 -1221600512 electric_data_invalid - 1361
ERROR 2012-11-16 13:30:46,603 views 4187 -1221600512 data_set_empty
ERROR 2012-11-16 13:30:46,604 views 4187 -1221600512 invalid_interpolation
INFO 2012-11-16 13:30:47,603 views 4187 -1221600512 electric_data_invalid - 1362
ERROR 2012-11-16 13:30:47,810 views 4187 -1221600512 data_set_empty
ERROR 2012-11-16 13:30:47,810 views 4187 -1221600512 invalid_interpolation
INFO 2012-11-16 13:32:01,286 views 4211 -1221141760 electric_data_update - 1225
INFO 2012-11-16 13:32:24,100 views 4211 -1221141760 electric_data_update - 1226
INFO 2012-11-16 13:32:51,915 views 4211 -1221141760 electric_data_update - 1227
INFO 2012-11-16 13:33:12,739 views 4211 -1221141760 electric_data_update - 1228
INFO 2012-11-16 13:33:32,278 views 4211 -1221141760 electric_data_update - 1229
INFO 2012-11-16 13:33:51,431 views 4211 -1221141760 electric_data_update - 1230
INFO 2012-11-16 13:34:13,771 views 4211 -1221141760 electric_data_update - 1231
INFO 2012-11-16 13:34:50,415 views 4211 -1221141760 electric_data_update - 1232
INFO 2012-11-16 13:35:10,148 views 4211 -1221141760 electric_data_update - 1233
INFO 2012-11-16 13:35:29,223 views 4211 -1221141760 electric_data_update - 1234
INFO 2012-11-16 13:36:01,106 views 4211 -1221141760 electric_data_update - 1235
INFO 2012-11-16 13:37:13,401 views 4211 -1221141760 electric_data_update - 1236
INFO 2012-11-16 13:40:18,992 views 4211 -1221141760 electric_data_update - 1237
INFO 2012-11-16 13:41:37,453 views 4211 -1221141760 electric_data_update - 1238
INFO 2012-11-16 13:42:57,969 views 4211 -1221141760 electric_data_update - 1239
INFO 2012-11-16 13:44:35,648 views 4211 -1221141760 electric_data_update - 1240
INFO 2012-11-16 13:46:39,918 views 4211 -1221141760 electric_data_update - 1241
INFO 2012-11-16 13:49:21,174 views 4211 -1221141760 electric_data_update - 1242
INFO 2012-11-16 13:51:53,753 views 4211 -1221141760 electric_data_update - 1243
INFO 2012-11-16 13:53:54,767 views 4211 -1221141760 electric_data_update - 1244
INFO 2012-11-16 13:55:35,765 views 4211 -1221141760 electric_data_update - 1245
INFO 2012-11-16 13:58:51,552 views 4211 -1221141760 electric_data_update - 1246
INFO 2012-11-16 14:00:17,144 views 4211 -1221141760 electric_data_update - 1247
INFO 2012-11-16 14:01:43,301 views 4211 -1221141760 electric_data_update - 1248
INFO 2012-11-16 14:02:56,417 views 4211 -1221141760 electric_data_update - 1249
INFO 2012-11-16 14:07:38,690 views 4323 -1221367040 electric_data_update - 113
INFO 2012-11-16 14:09:52,409 views 4323 -1221367040 electric_data_update - 114
INFO 2012-11-16 14:11:58,486 views 4323 -1221367040 electric_data_update - 115
INFO 2012-11-16 14:13:34,442 views 4323 -1221367040 electric_data_update - 116
INFO 2012-11-16 14:14:49,313 views 4323 -1221367040 electric_data_new - 117
INFO 2012-11-16 14:21:20,311 views 4473 -1221768448 electric_data_update - 113
INFO 2012-11-16 14:21:41,474 views 4473 -1221768448 electric_data_update - 114
INFO 2012-11-16 14:22:01,193 views 4473 -1221768448 electric_data_update - 115
INFO 2012-11-16 14:22:23,525 views 4473 -1221768448 electric_data_update - 116
INFO 2012-11-16 14:22:43,775 views 4473 -1221768448 electric_data_update - 117
INFO 2012-11-22 12:32:33,597 views 4037 -1221088512 electric_data_update - 119
ERROR 2012-11-22 12:32:34,670 views 4037 -1221088512 data_set_empty
ERROR 2012-11-22 12:32:34,673 views 4037 -1221088512 invalid_interpolation
INFO 2012-11-22 12:32:35,600 views 4037 -1221088512 electric_data_invalid - 120
ERROR 2012-11-22 12:32:35,944 views 4037 -1221088512 data_set_empty
ERROR 2012-11-22 12:32:35,944 views 4037 -1221088512 invalid_interpolation
INFO 2012-11-22 12:32:36,959 views 4037 -1221088512 electric_data_invalid - 121
ERROR 2012-11-22 12:32:37,684 views 4037 -1221088512 data_set_empty
ERROR 2012-11-22 12:32:37,685 views 4037 -1221088512 invalid_interpolation
INFO 2012-11-22 12:32:38,688 views 4037 -1221088512 electric_data_invalid - 122
ERROR 2012-11-22 12:32:39,044 views 4037 -1221088512 data_set_empty
ERROR 2012-11-22 12:32:39,044 views 4037 -1221088512 invalid_interpolation
INFO 2012-11-22 12:32:39,954 views 4037 -1221088512 electric_data_invalid - 123
ERROR 2012-11-22 12:32:40,300 views 4037 -1221088512 data_set_empty
ERROR 2012-11-22 12:32:40,301 views 4037 -1221088512 invalid_interpolation
INFO 2012-11-22 12:32:41,260 views 4037 -1221088512 electric_data_invalid - 124
ERROR 2012-11-22 12:32:41,643 views 4037 -1221088512 data_set_empty
ERROR 2012-11-22 12:32:41,643 views 4037 -1221088512 invalid_interpolation
INFO 2012-11-22 12:32:42,637 views 4037 -1221088512 electric_data_invalid - 125
ERROR 2012-11-22 12:32:42,982 views 4037 -1221088512 data_set_empty
ERROR 2012-11-22 12:32:42,983 views 4037 -1221088512 invalid_interpolation
INFO 2012-11-22 12:32:43,956 views 4037 -1221088512 electric_data_invalid - 126
ERROR 2012-11-22 12:32:44,332 views 4037 -1221088512 data_set_empty
ERROR 2012-11-22 12:32:44,333 views 4037 -1221088512 invalid_interpolation
INFO 2012-11-22 12:32:45,310 views 4037 -1221088512 electric_data_invalid - 127
ERROR 2012-11-22 12:32:45,656 views 4037 -1221088512 data_set_empty
ERROR 2012-11-22 12:32:45,657 views 4037 -1221088512 invalid_interpolation
INFO 2012-11-22 12:32:46,546 views 4037 -1221088512 electric_data_invalid - 128
ERROR 2012-11-22 12:32:46,896 views 4037 -1221088512 data_set_empty
ERROR 2012-11-22 12:32:46,897 views 4037 -1221088512 invalid_interpolation
INFO 2012-11-22 12:32:47,756 views 4037 -1221088512 electric_data_invalid - 129
ERROR 2012-11-22 12:32:48,127 views 4037 -1221088512 data_set_empty
ERROR 2012-11-22 12:32:48,128 views 4037 -1221088512 invalid_interpolation
INFO 2012-11-22 12:32:49,021 views 4037 -1221088512 electric_data_invalid - 130
ERROR 2012-11-22 12:32:49,386 views 4037 -1221088512 data_set_empty
ERROR 2012-11-22 12:32:49,386 views 4037 -1221088512 invalid_interpolation
INFO 2012-11-22 12:32:50,539 views 4037 -1221088512 electric_data_invalid - 131
ERROR 2012-11-22 12:32:50,881 views 4037 -1221088512 data_set_empty
ERROR 2012-11-22 12:32:50,882 views 4037 -1221088512 invalid_interpolation
INFO 2012-11-22 12:32:51,723 views 4037 -1221088512 electric_data_invalid - 132
ERROR 2012-11-22 12:32:52,065 views 4037 -1221088512 data_set_empty
ERROR 2012-11-22 12:32:52,065 views 4037 -1221088512 invalid_interpolation
INFO 2012-11-22 12:32:52,957 views 4037 -1221088512 electric_data_invalid - 133
ERROR 2012-11-22 13:08:03,450 views 4285 -1221272832 data_set_empty
ERROR 2012-11-22 13:08:03,453 views 4285 -1221272832 invalid_interpolation
INFO 2012-11-22 13:08:04,247 views 4285 -1221272832 electric_data_invalid - 120
ERROR 2012-11-22 13:08:04,944 views 4285 -1221272832 data_set_empty
ERROR 2012-11-22 13:08:04,944 views 4285 -1221272832 invalid_interpolation
INFO 2012-11-22 13:08:05,730 views 4285 -1221272832 electric_data_invalid - 121
ERROR 2012-11-22 13:08:07,700 views 4285 -1221272832 data_set_empty
ERROR 2012-11-22 13:08:07,701 views 4285 -1221272832 invalid_interpolation
INFO 2012-11-22 13:08:08,572 views 4285 -1221272832 electric_data_invalid - 122
ERROR 2012-11-22 13:08:09,331 views 4285 -1221272832 data_set_empty
ERROR 2012-11-22 13:08:09,332 views 4285 -1221272832 invalid_interpolation
INFO 2012-11-22 13:08:10,311 views 4285 -1221272832 electric_data_invalid - 123
ERROR 2012-11-22 13:08:11,001 views 4285 -1221272832 data_set_empty
ERROR 2012-11-22 13:08:11,002 views 4285 -1221272832 invalid_interpolation
INFO 2012-11-22 13:08:11,799 views 4285 -1221272832 electric_data_invalid - 124
ERROR 2012-11-22 13:08:12,553 views 4285 -1221272832 data_set_empty
ERROR 2012-11-22 13:08:12,554 views 4285 -1221272832 invalid_interpolation
INFO 2012-11-22 13:08:13,364 views 4285 -1221272832 electric_data_invalid - 125
ERROR 2012-11-22 13:08:14,043 views 4285 -1221272832 data_set_empty
ERROR 2012-11-22 13:08:14,044 views 4285 -1221272832 invalid_interpolation
INFO 2012-11-22 13:08:14,850 views 4285 -1221272832 electric_data_invalid - 126
ERROR 2012-11-22 13:08:15,521 views 4285 -1221272832 data_set_empty
ERROR 2012-11-22 13:08:15,521 views 4285 -1221272832 invalid_interpolation
INFO 2012-11-22 13:08:16,390 views 4285 -1221272832 electric_data_invalid - 127
ERROR 2012-11-22 13:08:17,065 views 4285 -1221272832 data_set_empty
ERROR 2012-11-22 13:08:17,066 views 4285 -1221272832 invalid_interpolation
INFO 2012-11-22 13:08:17,920 views 4285 -1221272832 electric_data_invalid - 128
ERROR 2012-11-22 13:08:18,630 views 4285 -1221272832 data_set_empty
ERROR 2012-11-22 13:08:18,631 views 4285 -1221272832 invalid_interpolation
INFO 2012-11-22 13:08:19,446 views 4285 -1221272832 electric_data_invalid - 129
ERROR 2012-11-22 13:08:20,117 views 4285 -1221272832 data_set_empty
ERROR 2012-11-22 13:08:20,119 views 4285 -1221272832 invalid_interpolation
INFO 2012-11-22 13:08:21,051 views 4285 -1221272832 electric_data_invalid - 130
ERROR 2012-11-22 13:08:21,718 views 4285 -1221272832 data_set_empty
ERROR 2012-11-22 13:08:21,719 views 4285 -1221272832 invalid_interpolation
INFO 2012-11-22 13:08:22,653 views 4285 -1221272832 electric_data_invalid - 131
ERROR 2012-11-22 13:08:23,325 views 4285 -1221272832 data_set_empty
ERROR 2012-11-22 13:08:23,326 views 4285 -1221272832 invalid_interpolation
INFO 2012-11-22 13:08:24,150 views 4285 -1221272832 electric_data_invalid - 132
ERROR 2012-11-22 13:08:24,822 views 4285 -1221272832 data_set_empty
ERROR 2012-11-22 13:08:24,822 views 4285 -1221272832 invalid_interpolation
INFO 2012-11-22 13:08:25,640 views 4285 -1221272832 electric_data_invalid - 133
ERROR 2012-11-22 13:08:26,317 views 4285 -1221272832 data_set_empty
ERROR 2012-11-22 13:08:26,318 views 4285 -1221272832 invalid_interpolation
INFO 2012-11-22 13:08:27,197 views 4285 -1221272832 electric_data_invalid - 134
ERROR 2012-11-22 13:08:27,870 views 4285 -1221272832 data_set_empty
ERROR 2012-11-22 13:08:27,871 views 4285 -1221272832 invalid_interpolation
INFO 2012-11-22 13:08:28,751 views 4285 -1221272832 electric_data_invalid - 135
ERROR 2012-11-22 13:15:23,131 views 4366 -1221129472 data_set_empty
ERROR 2012-11-22 13:15:23,133 views 4366 -1221129472 invalid_interpolation
INFO 2012-11-22 13:15:24,255 views 4366 -1221129472 electric_data_invalid - 120
ERROR 2012-11-22 13:15:24,978 views 4366 -1221129472 data_set_empty
ERROR 2012-11-22 13:15:24,978 views 4366 -1221129472 invalid_interpolation
INFO 2012-11-22 13:15:26,157 views 4366 -1221129472 electric_data_invalid - 121
ERROR 2012-11-22 13:15:28,723 views 4366 -1221129472 data_set_empty
ERROR 2012-11-22 13:15:28,724 views 4366 -1221129472 invalid_interpolation
INFO 2012-11-22 13:15:29,653 views 4366 -1221129472 electric_data_invalid - 122
ERROR 2012-11-22 13:15:30,468 views 4366 -1221129472 data_set_empty
ERROR 2012-11-22 13:15:30,468 views 4366 -1221129472 invalid_interpolation
INFO 2012-11-22 13:15:31,310 views 4366 -1221129472 electric_data_invalid - 123
ERROR 2012-11-22 13:15:32,235 views 4366 -1221129472 data_set_empty
ERROR 2012-11-22 13:15:32,236 views 4366 -1221129472 invalid_interpolation
INFO 2012-11-22 13:15:33,079 views 4366 -1221129472 electric_data_invalid - 124
ERROR 2012-11-22 13:15:33,753 views 4366 -1221129472 data_set_empty
ERROR 2012-11-22 13:15:33,754 views 4366 -1221129472 invalid_interpolation
INFO 2012-11-22 13:15:34,641 views 4366 -1221129472 electric_data_invalid - 125
ERROR 2012-11-22 13:15:35,295 views 4366 -1221129472 data_set_empty
ERROR 2012-11-22 13:15:35,296 views 4366 -1221129472 invalid_interpolation
INFO 2012-11-22 13:15:36,230 views 4366 -1221129472 electric_data_invalid - 126
ERROR 2012-11-22 13:15:36,923 views 4366 -1221129472 data_set_empty
ERROR 2012-11-22 13:15:36,923 views 4366 -1221129472 invalid_interpolation
INFO 2012-11-22 13:15:37,819 views 4366 -1221129472 electric_data_invalid - 127
ERROR 2012-11-22 13:15:38,479 views 4366 -1221129472 data_set_empty
ERROR 2012-11-22 13:15:38,480 views 4366 -1221129472 invalid_interpolation
INFO 2012-11-22 13:15:39,259 views 4366 -1221129472 electric_data_invalid - 128
ERROR 2012-11-22 13:15:40,948 views 4366 -1221129472 data_set_empty
ERROR 2012-11-22 13:15:40,949 views 4366 -1221129472 invalid_interpolation
INFO 2012-11-22 13:15:43,165 views 4366 -1221129472 electric_data_invalid - 129
ERROR 2012-11-22 13:15:44,313 views 4366 -1221129472 data_set_empty
ERROR 2012-11-22 13:15:44,314 views 4366 -1221129472 invalid_interpolation
INFO 2012-11-22 13:15:45,210 views 4366 -1221129472 electric_data_invalid - 130
ERROR 2012-11-22 13:15:45,910 views 4366 -1221129472 data_set_empty
ERROR 2012-11-22 13:15:45,910 views 4366 -1221129472 invalid_interpolation
INFO 2012-11-22 13:15:47,210 views 4366 -1221129472 electric_data_invalid - 131
ERROR 2012-11-22 13:15:47,926 views 4366 -1221129472 data_set_empty
ERROR 2012-11-22 13:15:47,927 views 4366 -1221129472 invalid_interpolation
INFO 2012-11-22 13:15:49,333 views 4366 -1221129472 electric_data_invalid - 132
ERROR 2012-11-22 13:15:50,061 views 4366 -1221129472 data_set_empty
ERROR 2012-11-22 13:15:50,062 views 4366 -1221129472 invalid_interpolation
INFO 2012-11-22 13:15:50,953 views 4366 -1221129472 electric_data_invalid - 133
ERROR 2012-11-22 13:15:51,618 views 4366 -1221129472 data_set_empty
ERROR 2012-11-22 13:15:51,619 views 4366 -1221129472 invalid_interpolation
INFO 2012-11-22 13:15:52,414 views 4366 -1221129472 electric_data_invalid - 134
ERROR 2012-11-22 13:15:53,099 views 4366 -1221129472 data_set_empty
ERROR 2012-11-22 13:15:53,100 views 4366 -1221129472 invalid_interpolation
INFO 2012-11-22 13:15:53,974 views 4366 -1221129472 electric_data_invalid - 135
ERROR 2012-11-22 13:18:52,354 views 4393 -1221817600 data_set_empty
ERROR 2012-11-22 13:18:52,356 views 4393 -1221817600 invalid_interpolation
INFO 2012-11-22 13:18:58,524 views 4393 -1221817600 electric_data_invalid - 120
ERROR 2012-11-22 13:19:01,925 views 4393 -1221817600 data_set_empty
ERROR 2012-11-22 13:19:01,926 views 4393 -1221817600 invalid_interpolation
INFO 2012-11-22 13:19:08,460 views 4393 -1221817600 electric_data_invalid - 121
ERROR 2012-11-22 13:19:19,348 views 4393 -1221817600 data_set_empty
ERROR 2012-11-22 13:19:19,349 views 4393 -1221817600 invalid_interpolation
INFO 2012-11-22 13:19:25,523 views 4393 -1221817600 electric_data_invalid - 122
ERROR 2012-11-22 13:19:28,360 views 4393 -1221817600 data_set_empty
ERROR 2012-11-22 13:19:28,361 views 4393 -1221817600 invalid_interpolation
INFO 2012-11-22 13:19:34,919 views 4393 -1221817600 electric_data_invalid - 123
ERROR 2012-11-22 13:19:38,211 views 4393 -1221817600 data_set_empty
ERROR 2012-11-22 13:19:38,211 views 4393 -1221817600 invalid_interpolation
INFO 2012-11-22 13:19:44,668 views 4393 -1221817600 electric_data_invalid - 124
ERROR 2012-11-22 13:19:47,631 views 4393 -1221817600 data_set_empty
ERROR 2012-11-22 13:19:47,632 views 4393 -1221817600 invalid_interpolation
INFO 2012-11-22 13:19:54,023 views 4393 -1221817600 electric_data_invalid - 125
ERROR 2012-11-22 13:19:56,861 views 4393 -1221817600 data_set_empty
ERROR 2012-11-22 13:19:56,862 views 4393 -1221817600 invalid_interpolation
INFO 2012-11-22 13:20:02,832 views 4393 -1221817600 electric_data_invalid - 126
ERROR 2012-11-22 13:20:05,502 views 4393 -1221817600 data_set_empty
ERROR 2012-11-22 13:20:05,503 views 4393 -1221817600 invalid_interpolation
INFO 2012-11-22 13:20:11,997 views 4393 -1221817600 electric_data_invalid - 127
ERROR 2012-11-22 13:20:14,627 views 4393 -1221817600 data_set_empty
ERROR 2012-11-22 13:20:14,628 views 4393 -1221817600 invalid_interpolation
INFO 2012-11-22 13:20:20,466 views 4393 -1221817600 electric_data_invalid - 128
ERROR 2012-11-22 13:20:23,153 views 4393 -1221817600 data_set_empty
ERROR 2012-11-22 13:20:23,153 views 4393 -1221817600 invalid_interpolation
INFO 2012-11-22 13:20:29,855 views 4393 -1221817600 electric_data_invalid - 129
ERROR 2012-11-22 13:20:32,641 views 4393 -1221817600 data_set_empty
ERROR 2012-11-22 13:20:32,641 views 4393 -1221817600 invalid_interpolation
INFO 2012-11-22 13:20:39,626 views 4393 -1221817600 electric_data_invalid - 130
ERROR 2012-11-22 13:20:42,707 views 4393 -1221817600 data_set_empty
ERROR 2012-11-22 13:20:42,708 views 4393 -1221817600 invalid_interpolation
INFO 2012-11-22 13:20:48,975 views 4393 -1221817600 electric_data_invalid - 131
ERROR 2012-11-22 13:20:51,964 views 4393 -1221817600 data_set_empty
ERROR 2012-11-22 13:20:51,964 views 4393 -1221817600 invalid_interpolation
INFO 2012-11-22 13:20:59,858 views 4393 -1221817600 electric_data_invalid - 132
ERROR 2012-11-22 13:21:02,874 views 4393 -1221817600 data_set_empty
ERROR 2012-11-22 13:21:02,875 views 4393 -1221817600 invalid_interpolation
INFO 2012-11-22 13:21:08,919 views 4393 -1221817600 electric_data_invalid - 133
ERROR 2012-11-22 13:21:11,842 views 4393 -1221817600 data_set_empty
ERROR 2012-11-22 13:21:11,843 views 4393 -1221817600 invalid_interpolation
INFO 2012-11-22 13:21:18,664 views 4393 -1221817600 electric_data_invalid - 134
ERROR 2012-11-22 13:21:21,670 views 4393 -1221817600 data_set_empty
ERROR 2012-11-22 13:21:21,670 views 4393 -1221817600 invalid_interpolation
INFO 2012-11-22 13:21:28,087 views 4393 -1221817600 electric_data_invalid - 135
ERROR 2012-11-22 13:21:30,839 views 4393 -1221817600 data_set_empty
ERROR 2012-11-22 13:21:30,839 views 4393 -1221817600 invalid_interpolation
INFO 2012-11-22 13:21:36,858 views 4393 -1221817600 electric_data_invalid - 136
INFO 2012-11-22 13:23:03,233 views 4393 -1221817600 electric_data_update - 137
INFO 2012-11-22 13:24:32,956 views 4393 -1221817600 electric_data_update - 138
INFO 2012-11-22 13:24:57,688 views 4393 -1221817600 electric_data_update - 139
INFO 2012-11-22 13:25:11,054 views 4393 -1221817600 electric_data_update - 140
INFO 2012-11-22 13:25:24,632 views 4393 -1221817600 electric_data_update - 141
INFO 2012-11-22 13:25:38,120 views 4393 -1221817600 electric_data_update - 142
ERROR 2012-11-26 12:05:16,973 views 3531 -1240466624 ConsumerUnit matching query does not exist.
ERROR 2012-11-26 12:05:41,334 views 3531 -1250952384 ConsumerUnit matching query does not exist.
ERROR 2012-12-10 16:10:03,504 views 4114 -1322747072 ConsumerUnit matching query does not exist.
ERROR 2012-12-10 16:10:38,920 views 4114 -1249903808 ConsumerUnit matching query does not exist.
ERROR 2012-12-10 16:10:39,195 views 4114 -1285567680 ConsumerUnit matching query does not exist.
